build/app/intermediates/manifest_merge_blame_file/profile/manifest-merger-blame-profile-report.txt
1<?xml version="1.0" encoding="utf-8"?>
2<manifest xmlns:android="http://schemas.android.com/apk/res/android"
3    package="com.minist.strice"
4    android:versionCode="86"
5    android:versionName="6.3.3" >
6
7    <uses-sdk
8        android:minSdkVersion="19"
9        android:targetSdkVersion="33" />
10    <!--
11         Flutter needs it to communicate with the running application
12         to allow setting breakpoints, to provide hot reload, etc.
13    -->
14    <uses-permission android:name="android.permission.INTERNET" />
14-->src\main\AndroidManifest.xml:4:3-65
14-->src\main\AndroidManifest.xml:4:20-62
15    <uses-permission android:name="android.permission.READ_EXTERNAL_STORAGE" />
15-->src\main\AndroidManifest.xml:5:3-78
15-->src\main\AndroidManifest.xml:5:20-75
16    <uses-permission
16-->src\main\AndroidManifest.xml:6:3-7:34
17        android:name="android.permission.WRITE_EXTERNAL_STORAGE"
17-->src\main\AndroidManifest.xml:6:20-76
18        android:maxSdkVersion="28" />
18-->src\main\AndroidManifest.xml:7:5-31
19
20    <compatible-screens>
20-->src\main\AndroidManifest.xml:10:3-21:24
21
22        <!-- all small size screens -->
23        <screen
23-->src\main\AndroidManifest.xml:12:5-71
24            android:screenDensity="ldpi"
24-->src\main\AndroidManifest.xml:12:40-68
25            android:screenSize="small" />
25-->src\main\AndroidManifest.xml:12:13-39
26        <screen
26-->src\main\AndroidManifest.xml:13:5-71
27            android:screenDensity="mdpi"
27-->src\main\AndroidManifest.xml:13:40-68
28            android:screenSize="small" />
28-->src\main\AndroidManifest.xml:13:13-39
29        <screen
29-->src\main\AndroidManifest.xml:14:5-71
30            android:screenDensity="hdpi"
30-->src\main\AndroidManifest.xml:14:40-68
31            android:screenSize="small" />
31-->src\main\AndroidManifest.xml:14:13-39
32        <screen
32-->src\main\AndroidManifest.xml:15:5-72
33            android:screenDensity="xhdpi"
33-->src\main\AndroidManifest.xml:15:40-69
34            android:screenSize="small" />
34-->src\main\AndroidManifest.xml:15:13-39
35        <!-- all normal size screens -->
36        <screen
36-->src\main\AndroidManifest.xml:17:5-72
37            android:screenDensity="ldpi"
37-->src\main\AndroidManifest.xml:17:41-69
38            android:screenSize="normal" />
38-->src\main\AndroidManifest.xml:17:13-40
39        <screen
39-->src\main\AndroidManifest.xml:18:5-72
40            android:screenDensity="mdpi"
40-->src\main\AndroidManifest.xml:18:41-69
41            android:screenSize="normal" />
41-->src\main\AndroidManifest.xml:18:13-40
42        <screen
42-->src\main\AndroidManifest.xml:19:5-72
43            android:screenDensity="hdpi"
43-->src\main\AndroidManifest.xml:19:41-69
44            android:screenSize="normal" />
44-->src\main\AndroidManifest.xml:19:13-40
45        <screen
45-->src\main\AndroidManifest.xml:20:5-73
46            android:screenDensity="xhdpi"
46-->src\main\AndroidManifest.xml:20:41-70
47            android:screenSize="normal" />
47-->src\main\AndroidManifest.xml:20:13-40
48    </compatible-screens>
49
50    <uses-permission android:name="android.permission.ACCESS_NETWORK_STATE" />
50-->[com.google.firebase:firebase-auth:21.3.0] AndroidManifest.xml:26:5-79
50-->[com.google.firebase:firebase-auth:21.3.0] AndroidManifest.xml:26:22-76
51    <uses-permission android:name="android.permission.WAKE_LOCK" />
51-->[com.google.android.gms:play-services-measurement-api:21.2.2] AndroidManifest.xml:24:5-68
51-->[com.google.android.gms:play-services-measurement-api:21.2.2] AndroidManifest.xml:24:22-65
52    <uses-permission android:name="com.google.android.gms.permission.AD_ID" />
52-->[com.google.android.gms:play-services-measurement-api:21.2.2] AndroidManifest.xml:25:5-79
52-->[com.google.android.gms:play-services-measurement-api:21.2.2] AndroidManifest.xml:25:22-76
53    <uses-permission android:name="com.google.android.finsky.permission.BIND_GET_INSTALL_REFERRER_SERVICE" /> <!-- Android package visibility setting -->
53-->[com.google.android.gms:play-services-measurement:21.2.2] AndroidManifest.xml:26:5-110
53-->[com.google.android.gms:play-services-measurement:21.2.2] AndroidManifest.xml:26:22-107
54    <queries>
54-->[com.google.android.gms:play-services-ads-lite:22.0.0] AndroidManifest.xml:32:5-48:15
55
56        <!-- For browser content -->
57        <intent>
57-->[com.google.android.gms:play-services-ads-lite:22.0.0] AndroidManifest.xml:35:9-41:18
58            <action android:name="android.intent.action.VIEW" />
58-->[com.google.firebase:firebase-auth:21.3.0] AndroidManifest.xml:36:17-69
58-->[com.google.firebase:firebase-auth:21.3.0] AndroidManifest.xml:36:25-66
59
60            <category android:name="android.intent.category.BROWSABLE" />
60-->[com.google.firebase:firebase-auth:21.3.0] AndroidManifest.xml:39:17-78
60-->[com.google.firebase:firebase-auth:21.3.0] AndroidManifest.xml:39:27-75
61
62            <data android:scheme="https" />
62-->[com.google.firebase:firebase-auth:21.3.0] AndroidManifest.xml:41:17-44:51
62-->[com.google.firebase:firebase-auth:21.3.0] AndroidManifest.xml:44:21-48
63        </intent>
64        <!-- End of browser content -->
65        <!-- For CustomTabsService -->
66        <intent>
66-->[com.google.android.gms:play-services-ads-lite:22.0.0] AndroidManifest.xml:44:9-46:18
67            <action android:name="android.support.customtabs.action.CustomTabsService" />
67-->[com.google.android.gms:play-services-ads-lite:22.0.0] AndroidManifest.xml:45:13-90
67-->[com.google.android.gms:play-services-ads-lite:22.0.0] AndroidManifest.xml:45:21-87
68        </intent>
69        <!-- End of CustomTabsService -->
70    </queries>
71
72    <uses-permission android:name="android.permission.FOREGROUND_SERVICE" />
72-->[androidx.work:work-runtime:2.7.0] AndroidManifest.xml:28:5-77
72-->[androidx.work:work-runtime:2.7.0] AndroidManifest.xml:28:22-74
73
74    <permission
74-->[androidx.core:core:1.10.1] AndroidManifest.xml:22:5-24:47
75        android:name="com.minist.strice.DYNAMIC_RECEIVER_NOT_EXPORTED_PERMISSION"
75-->[androidx.core:core:1.10.1] AndroidManifest.xml:23:9-81
76        android:protectionLevel="signature" />
76-->[androidx.core:core:1.10.1] AndroidManifest.xml:24:9-44
77
78    <uses-permission android:name="com.minist.strice.DYNAMIC_RECEIVER_NOT_EXPORTED_PERMISSION" />
78-->[androidx.core:core:1.10.1] AndroidManifest.xml:26:5-97
78-->[androidx.core:core:1.10.1] AndroidManifest.xml:26:22-94
79
80    <application
81        android:name="android.app.Application"
81-->src\main\AndroidManifest.xml:25:5-38
82        android:appComponentFactory="androidx.core.app.CoreComponentFactory"
82-->[androidx.core:core:1.10.1] AndroidManifest.xml:28:18-86
83        android:debuggable="true"
84        android:icon="@mipmap/launcher_icon"
84-->src\main\AndroidManifest.xml:26:5-41
85        android:label="Valuid"
85-->src\main\AndroidManifest.xml:24:5-27
86        android:usesCleartextTraffic="true" >
86-->src\profile\AndroidManifest.xml:7:16-51
87        <meta-data
87-->src\main\AndroidManifest.xml:28:5-30:64
88            android:name="com.google.android.gms.ads.APPLICATION_ID"
88-->src\main\AndroidManifest.xml:29:7-63
89            android:value="ca-app-pub-3200743683296355~3561564463" />
89-->src\main\AndroidManifest.xml:30:7-61
90
91        <activity
91-->src\main\AndroidManifest.xml:32:5-55:16
92            android:name="com.example.finance.MainActivity"
92-->src\main\AndroidManifest.xml:33:7-35
93            android:configChanges="orientation|keyboardHidden|keyboard|screenSize|smallestScreenSize|locale|layoutDirection|fontScale|screenLayout|density|uiMode"
93-->src\main\AndroidManifest.xml:37:7-157
94            android:exported="true"
94-->src\main\AndroidManifest.xml:34:7-30
95            android:hardwareAccelerated="true"
95-->src\main\AndroidManifest.xml:38:7-41
96            android:launchMode="singleTop"
96-->src\main\AndroidManifest.xml:35:7-37
97            android:theme="@style/LaunchTheme"
97-->src\main\AndroidManifest.xml:36:7-41
98            android:windowSoftInputMode="adjustResize" >
98-->src\main\AndroidManifest.xml:39:7-49
99
100            <!--
101      Specifies an Android theme to apply to this Activity as soon as
102                 the
103      Android process has started. This theme is visible to the user
104                 while the
105      Flutter UI initializes. After that, this theme continues
106                 to determine the
107      Window background behind the Flutter UI.
108            -->
109            <meta-data
109-->src\main\AndroidManifest.xml:47:7-50:9
110                android:name="io.flutter.embedding.android.NormalTheme"
110-->src\main\AndroidManifest.xml:48:9-64
111                android:resource="@style/NormalTheme" />
111-->src\main\AndroidManifest.xml:49:9-46
112
113            <intent-filter>
113-->src\main\AndroidManifest.xml:51:7-54:23
114                <action android:name="android.intent.action.MAIN" />
114-->src\main\AndroidManifest.xml:52:9-61
114-->src\main\AndroidManifest.xml:52:17-58
115
116                <category android:name="android.intent.category.LAUNCHER" />
116-->src\main\AndroidManifest.xml:53:9-69
116-->src\main\AndroidManifest.xml:53:19-66
117            </intent-filter>
118        </activity>
119        <!--
120 Don't delete the meta-data below.
121             This is used by the Flutter tool to
122    generate GeneratedPluginRegistrant.java
123        -->
124        <meta-data
124-->src\main\AndroidManifest.xml:59:5-61:27
125            android:name="flutterEmbedding"
125-->src\main\AndroidManifest.xml:60:7-38
126            android:value="2" />
126-->src\main\AndroidManifest.xml:61:7-24
127
128        <service
128-->[:firebase_auth] AndroidManifest.xml:10:9-14:19
129            android:name="com.google.firebase.components.ComponentDiscoveryService"
129-->[:firebase_auth] AndroidManifest.xml:10:18-89
130            android:directBootAware="true"
130-->[com.google.firebase:firebase-common:20.3.2] AndroidManifest.xml:34:13-43
131            android:exported="false" >
131-->[com.google.firebase:firebase-auth:21.3.0] AndroidManifest.xml:68:13-37
132            <meta-data
132-->[:firebase_auth] AndroidManifest.xml:11:13-13:85
133                android:name="com.google.firebase.components:io.flutter.plugins.firebase.auth.FlutterFirebaseAuthRegistrar"
133-->[:firebase_auth] AndroidManifest.xml:12:17-124
134                android:value="com.google.firebase.components.ComponentRegistrar" />
134-->[:firebase_auth] AndroidManifest.xml:13:17-82
135            <meta-data
135-->[:cloud_firestore] AndroidManifest.xml:11:13-13:85
136                android:name="com.google.firebase.components:io.flutter.plugins.firebase.firestore.FlutterFirebaseFirestoreRegistrar"
136-->[:cloud_firestore] AndroidManifest.xml:12:17-134
137                android:value="com.google.firebase.components.ComponentRegistrar" />
137-->[:cloud_firestore] AndroidManifest.xml:13:17-82
138            <meta-data
138-->[:firebase_core] AndroidManifest.xml:11:13-13:85
139                android:name="com.google.firebase.components:io.flutter.plugins.firebase.core.FlutterFirebaseCoreRegistrar"
139-->[:firebase_core] AndroidManifest.xml:12:17-124
140                android:value="com.google.firebase.components.ComponentRegistrar" />
140-->[:firebase_core] AndroidManifest.xml:13:17-82
141            <meta-data
141-->[com.google.firebase:firebase-auth:21.3.0] AndroidManifest.xml:69:13-71:85
142                android:name="com.google.firebase.components:com.google.firebase.auth.FirebaseAuthRegistrar"
142-->[com.google.firebase:firebase-auth:21.3.0] AndroidManifest.xml:70:17-109
143                android:value="com.google.firebase.components.ComponentRegistrar" />
143-->[com.google.firebase:firebase-auth:21.3.0] AndroidManifest.xml:71:17-82
144            <meta-data
144-->[com.google.firebase:firebase-firestore:24.5.0] AndroidManifest.xml:19:13-21:85
145                android:name="com.google.firebase.components:com.google.firebase.firestore.FirestoreRegistrar"
145-->[com.google.firebase:firebase-firestore:24.5.0] AndroidManifest.xml:20:17-111
146                android:value="com.google.firebase.components.ComponentRegistrar" />
146-->[com.google.firebase:firebase-firestore:24.5.0] AndroidManifest.xml:21:17-82
147            <meta-data
147-->[com.google.android.gms:play-services-measurement-api:21.2.2] AndroidManifest.xml:31:13-33:85
148                android:name="com.google.firebase.components:com.google.firebase.analytics.connector.internal.AnalyticsConnectorRegistrar"
148-->[com.google.android.gms:play-services-measurement-api:21.2.2] AndroidManifest.xml:32:17-139
149                android:value="com.google.firebase.components.ComponentRegistrar" />
149-->[com.google.android.gms:play-services-measurement-api:21.2.2] AndroidManifest.xml:33:17-82
150            <meta-data
150-->[com.google.firebase:firebase-installations:17.1.3] AndroidManifest.xml:17:13-19:85
151                android:name="com.google.firebase.components:com.google.firebase.installations.FirebaseInstallationsRegistrar"
151-->[com.google.firebase:firebase-installations:17.1.3] AndroidManifest.xml:18:17-127
152                android:value="com.google.firebase.components.ComponentRegistrar" />
152-->[com.google.firebase:firebase-installations:17.1.3] AndroidManifest.xml:19:17-82
153        </service>
154
155        <meta-data
155-->[:google_mobile_ads] AndroidManifest.xml:12:9-14:36
156            android:name="io.flutter.embedded_views_preview"
156-->[:google_mobile_ads] AndroidManifest.xml:13:13-61
157            android:value="true" />
157-->[:google_mobile_ads] AndroidManifest.xml:14:13-33
158
159        <activity
159-->[:url_launcher_android] AndroidManifest.xml:10:9-13:74
160            android:name="io.flutter.plugins.urllauncher.WebViewActivity"
160-->[:url_launcher_android] AndroidManifest.xml:11:13-74
161            android:exported="false"
161-->[:url_launcher_android] AndroidManifest.xml:12:13-37
162            android:theme="@android:style/Theme.NoTitleBar.Fullscreen" />
162-->[:url_launcher_android] AndroidManifest.xml:13:13-71
163        <activity
163-->[com.google.firebase:firebase-auth:21.3.0] AndroidManifest.xml:29:9-46:20
164            android:name="com.google.firebase.auth.internal.GenericIdpActivity"
164-->[com.google.firebase:firebase-auth:21.3.0] AndroidManifest.xml:30:13-80
165            android:excludeFromRecents="true"
165-->[com.google.firebase:firebase-auth:21.3.0] AndroidManifest.xml:31:13-46
166            android:exported="true"
166-->[com.google.firebase:firebase-auth:21.3.0] AndroidManifest.xml:32:13-36
167            android:launchMode="singleTask"
167-->[com.google.firebase:firebase-auth:21.3.0] AndroidManifest.xml:33:13-44
168            android:theme="@android:style/Theme.Translucent.NoTitleBar" >
168-->[com.google.firebase:firebase-auth:21.3.0] AndroidManifest.xml:34:13-72
169            <intent-filter>
169-->[com.google.firebase:firebase-auth:21.3.0] AndroidManifest.xml:35:13-45:29
170                <action android:name="android.intent.action.VIEW" />
170-->[com.google.firebase:firebase-auth:21.3.0] AndroidManifest.xml:36:17-69
170-->[com.google.firebase:firebase-auth:21.3.0] AndroidManifest.xml:36:25-66
171
172                <category android:name="android.intent.category.DEFAULT" />
172-->[com.google.firebase:firebase-auth:21.3.0] AndroidManifest.xml:38:17-76
172-->[com.google.firebase:firebase-auth:21.3.0] AndroidManifest.xml:38:27-73
173                <category android:name="android.intent.category.BROWSABLE" />
173-->[com.google.firebase:firebase-auth:21.3.0] AndroidManifest.xml:39:17-78
173-->[com.google.firebase:firebase-auth:21.3.0] AndroidManifest.xml:39:27-75
174
175                <data
175-->[com.google.firebase:firebase-auth:21.3.0] AndroidManifest.xml:41:17-44:51
176                    android:host="firebase.auth"
176-->[com.google.firebase:firebase-auth:21.3.0] AndroidManifest.xml:42:21-49
177                    android:path="/"
177-->[com.google.firebase:firebase-auth:21.3.0] AndroidManifest.xml:43:21-37
178                    android:scheme="genericidp" />
178-->[com.google.firebase:firebase-auth:21.3.0] AndroidManifest.xml:44:21-48
179            </intent-filter>
180        </activity>
181        <activity
181-->[com.google.firebase:firebase-auth:21.3.0] AndroidManifest.xml:47:9-64:20
182            android:name="com.google.firebase.auth.internal.RecaptchaActivity"
182-->[com.google.firebase:firebase-auth:21.3.0] AndroidManifest.xml:48:13-79
183            android:excludeFromRecents="true"
183-->[com.google.firebase:firebase-auth:21.3.0] AndroidManifest.xml:49:13-46
184            android:exported="true"
184-->[com.google.firebase:firebase-auth:21.3.0] AndroidManifest.xml:50:13-36
185            android:launchMode="singleTask"
185-->[com.google.firebase:firebase-auth:21.3.0] AndroidManifest.xml:51:13-44
186            android:theme="@android:style/Theme.Translucent.NoTitleBar" >
186-->[com.google.firebase:firebase-auth:21.3.0] AndroidManifest.xml:52:13-72
187            <intent-filter>
187-->[com.google.firebase:firebase-auth:21.3.0] AndroidManifest.xml:53:13-63:29
188                <action android:name="android.intent.action.VIEW" />
188-->[com.google.firebase:firebase-auth:21.3.0] AndroidManifest.xml:36:17-69
188-->[com.google.firebase:firebase-auth:21.3.0] AndroidManifest.xml:36:25-66
189
190                <category android:name="android.intent.category.DEFAULT" />
190-->[com.google.firebase:firebase-auth:21.3.0] AndroidManifest.xml:38:17-76
190-->[com.google.firebase:firebase-auth:21.3.0] AndroidManifest.xml:38:27-73
191                <category android:name="android.intent.category.BROWSABLE" />
191-->[com.google.firebase:firebase-auth:21.3.0] AndroidManifest.xml:39:17-78
191-->[com.google.firebase:firebase-auth:21.3.0] AndroidManifest.xml:39:27-75
192
193                <data
193-->[com.google.firebase:firebase-auth:21.3.0] AndroidManifest.xml:41:17-44:51
194                    android:host="firebase.auth"
194-->[com.google.firebase:firebase-auth:21.3.0] AndroidManifest.xml:42:21-49
195                    android:path="/"
195-->[com.google.firebase:firebase-auth:21.3.0] AndroidManifest.xml:43:21-37
196                    android:scheme="recaptcha" />
196-->[com.google.firebase:firebase-auth:21.3.0] AndroidManifest.xml:44:21-48
197            </intent-filter>
198        </activity>
199
200        <uses-library
200-->[androidx.window:window:1.0.0-beta04] AndroidManifest.xml:25:9-27:40
201            android:name="androidx.window.extensions"
201-->[androidx.window:window:1.0.0-beta04] AndroidManifest.xml:26:13-54
202            android:required="false" />
202-->[androidx.window:window:1.0.0-beta04] AndroidManifest.xml:27:13-37
203        <uses-library
203-->[androidx.window:window:1.0.0-beta04] AndroidManifest.xml:28:9-30:40
204            android:name="androidx.window.sidecar"
204-->[androidx.window:window:1.0.0-beta04] AndroidManifest.xml:29:13-51
205            android:required="false" />
205-->[androidx.window:window:1.0.0-beta04] AndroidManifest.xml:30:13-37
206
207        <provider
207-->[com.google.firebase:firebase-common:20.3.2] AndroidManifest.xml:25:9-30:39
208            android:name="com.google.firebase.provider.FirebaseInitProvider"
208-->[com.google.firebase:firebase-common:20.3.2] AndroidManifest.xml:26:13-77
209            android:authorities="com.minist.strice.firebaseinitprovider"
209-->[com.google.firebase:firebase-common:20.3.2] AndroidManifest.xml:27:13-72
210            android:directBootAware="true"
210-->[com.google.firebase:firebase-common:20.3.2] AndroidManifest.xml:28:13-43
211            android:exported="false"
211-->[com.google.firebase:firebase-common:20.3.2] AndroidManifest.xml:29:13-37
212            android:initOrder="100" />
212-->[com.google.firebase:firebase-common:20.3.2] AndroidManifest.xml:30:13-36
213
214        <activity
214-->[com.google.android.gms:play-services-auth:20.5.0] AndroidManifest.xml:23:9-27:75
215            android:name="com.google.android.gms.auth.api.signin.internal.SignInHubActivity"
215-->[com.google.android.gms:play-services-auth:20.5.0] AndroidManifest.xml:24:13-93
216            android:excludeFromRecents="true"
216-->[com.google.android.gms:play-services-auth:20.5.0] AndroidManifest.xml:25:13-46
217            android:exported="false"
217-->[com.google.android.gms:play-services-auth:20.5.0] AndroidManifest.xml:26:13-37
218            android:theme="@android:style/Theme.Translucent.NoTitleBar" />
218-->[com.google.android.gms:play-services-auth:20.5.0] AndroidManifest.xml:27:13-72
219        <!--
220            Service handling Google Sign-In user revocation. For apps that do not integrate with
221            Google Sign-In, this service will never be started.
222        -->
223        <service
223-->[com.google.android.gms:play-services-auth:20.5.0] AndroidManifest.xml:33:9-37:51
224            android:name="com.google.android.gms.auth.api.signin.RevocationBoundService"
224-->[com.google.android.gms:play-services-auth:20.5.0] AndroidManifest.xml:34:13-89
225            android:exported="true"
225-->[com.google.android.gms:play-services-auth:20.5.0] AndroidManifest.xml:35:13-36
226            android:permission="com.google.android.gms.auth.api.signin.permission.REVOCATION_NOTIFICATION"
226-->[com.google.android.gms:play-services-auth:20.5.0] AndroidManifest.xml:36:13-107
227            android:visibleToInstantApps="true" />
227-->[com.google.android.gms:play-services-auth:20.5.0] AndroidManifest.xml:37:13-48
228
229        <receiver
229-->[com.google.android.gms:play-services-measurement:21.2.2] AndroidManifest.xml:29:9-33:20
230            android:name="com.google.android.gms.measurement.AppMeasurementReceiver"
230-->[com.google.android.gms:play-services-measurement:21.2.2] AndroidManifest.xml:30:13-85
231            android:enabled="true"
231-->[com.google.android.gms:play-services-measurement:21.2.2] AndroidManifest.xml:31:13-35
232            android:exported="false" >
232-->[com.google.android.gms:play-services-measurement:21.2.2] AndroidManifest.xml:32:13-37
233        </receiver>
234
235        <service
235-->[com.google.android.gms:play-services-measurement:21.2.2] AndroidManifest.xml:35:9-38:40
236            android:name="com.google.android.gms.measurement.AppMeasurementService"
236-->[com.google.android.gms:play-services-measurement:21.2.2] AndroidManifest.xml:36:13-84
237            android:enabled="true"
237-->[com.google.android.gms:play-services-measurement:21.2.2] AndroidManifest.xml:37:13-35
238            android:exported="false" />
238-->[com.google.android.gms:play-services-measurement:21.2.2] AndroidManifest.xml:38:13-37
239        <service
239-->[com.google.android.gms:play-services-measurement:21.2.2] AndroidManifest.xml:39:9-43:72
240            android:name="com.google.android.gms.measurement.AppMeasurementJobService"
240-->[com.google.android.gms:play-services-measurement:21.2.2] AndroidManifest.xml:40:13-87
241            android:enabled="true"
241-->[com.google.android.gms:play-services-measurement:21.2.2] AndroidManifest.xml:41:13-35
242            android:exported="false"
242-->[com.google.android.gms:play-services-measurement:21.2.2] AndroidManifest.xml:42:13-37
243            android:permission="android.permission.BIND_JOB_SERVICE" />
243-->[com.google.android.gms:play-services-measurement:21.2.2] AndroidManifest.xml:43:13-69
244
245        <activity
245-->[com.google.android.gms:play-services-base:18.0.1] AndroidManifest.xml:20:9-22:45
246            android:name="com.google.android.gms.common.api.GoogleApiActivity"
246-->[com.google.android.gms:play-services-base:18.0.1] AndroidManifest.xml:20:19-85
247            android:exported="false"
247-->[com.google.android.gms:play-services-base:18.0.1] AndroidManifest.xml:22:19-43
248            android:theme="@android:style/Theme.Translucent.NoTitleBar" /> <!-- Include the AdActivity and InAppPurchaseActivity configChanges and themes. -->
248-->[com.google.android.gms:play-services-base:18.0.1] AndroidManifest.xml:21:19-78
249        <activity
249-->[com.google.android.gms:play-services-ads-lite:22.0.0] AndroidManifest.xml:53:9-58:43
250            android:name="com.google.android.gms.ads.AdActivity"
250-->[com.google.android.gms:play-services-ads-lite:22.0.0] AndroidManifest.xml:54:13-65
251            android:configChanges="keyboard|keyboardHidden|orientation|screenLayout|uiMode|screenSize|smallestScreenSize"
251-->[com.google.android.gms:play-services-ads-lite:22.0.0] AndroidManifest.xml:55:13-122
252            android:exported="false"
252-->[com.google.android.gms:play-services-ads-lite:22.0.0] AndroidManifest.xml:56:13-37
253            android:theme="@android:style/Theme.Translucent" />
253-->[com.google.android.gms:play-services-ads-lite:22.0.0] AndroidManifest.xml:57:13-61
254
255        <provider
255-->[com.google.android.gms:play-services-ads-lite:22.0.0] AndroidManifest.xml:60:9-65:43
256            android:name="com.google.android.gms.ads.MobileAdsInitProvider"
256-->[com.google.android.gms:play-services-ads-lite:22.0.0] AndroidManifest.xml:61:13-76
257            android:authorities="com.minist.strice.mobileadsinitprovider"
257-->[com.google.android.gms:play-services-ads-lite:22.0.0] AndroidManifest.xml:62:13-73
258            android:exported="false"
258-->[com.google.android.gms:play-services-ads-lite:22.0.0] AndroidManifest.xml:63:13-37
259            android:initOrder="100" />
259-->[com.google.android.gms:play-services-ads-lite:22.0.0] AndroidManifest.xml:64:13-36
260
261        <service
261-->[com.google.android.gms:play-services-ads-lite:22.0.0] AndroidManifest.xml:67:9-71:43
262            android:name="com.google.android.gms.ads.AdService"
262-->[com.google.android.gms:play-services-ads-lite:22.0.0] AndroidManifest.xml:68:13-64
263            android:enabled="true"
263-->[com.google.android.gms:play-services-ads-lite:22.0.0] AndroidManifest.xml:69:13-35
264            android:exported="false" />
264-->[com.google.android.gms:play-services-ads-lite:22.0.0] AndroidManifest.xml:70:13-37
265
266        <activity
266-->[com.google.android.gms:play-services-ads-lite:22.0.0] AndroidManifest.xml:73:9-77:43
267            android:name="com.google.android.gms.ads.OutOfContextTestingActivity"
267-->[com.google.android.gms:play-services-ads-lite:22.0.0] AndroidManifest.xml:74:13-82
268            android:configChanges="keyboard|keyboardHidden|orientation|screenLayout|uiMode|screenSize|smallestScreenSize"
268-->[com.google.android.gms:play-services-ads-lite:22.0.0] AndroidManifest.xml:75:13-122
269            android:exported="false" />
269-->[com.google.android.gms:play-services-ads-lite:22.0.0] AndroidManifest.xml:76:13-37
270
271        <meta-data
271-->[com.google.android.gms:play-services-basement:18.2.0] AndroidManifest.xml:21:9-23:69
272            android:name="com.google.android.gms.version"
272-->[com.google.android.gms:play-services-basement:18.2.0] AndroidManifest.xml:22:13-58
273            android:value="@integer/google_play_services_version" />
273-->[com.google.android.gms:play-services-basement:18.2.0] AndroidManifest.xml:23:13-66
274
275        <provider
275-->[androidx.work:work-runtime:2.7.0] AndroidManifest.xml:31:9-39:20
276            android:name="androidx.startup.InitializationProvider"
276-->[androidx.work:work-runtime:2.7.0] AndroidManifest.xml:32:13-67
277            android:authorities="com.minist.strice.androidx-startup"
277-->[androidx.work:work-runtime:2.7.0] AndroidManifest.xml:33:13-68
278            android:exported="false" >
278-->[androidx.work:work-runtime:2.7.0] AndroidManifest.xml:34:13-37
279            <meta-data
279-->[androidx.work:work-runtime:2.7.0] AndroidManifest.xml:36:13-38:52
280                android:name="androidx.work.WorkManagerInitializer"
280-->[androidx.work:work-runtime:2.7.0] AndroidManifest.xml:37:17-68
281                android:value="androidx.startup" />
281-->[androidx.work:work-runtime:2.7.0] AndroidManifest.xml:38:17-49
282        </provider>
283
284        <service
284-->[androidx.work:work-runtime:2.7.0] AndroidManifest.xml:41:9-46:35
285            android:name="androidx.work.impl.background.systemalarm.SystemAlarmService"
285-->[androidx.work:work-runtime:2.7.0] AndroidManifest.xml:42:13-88
286            android:directBootAware="false"
286-->[androidx.work:work-runtime:2.7.0] AndroidManifest.xml:43:13-44
287            android:enabled="@bool/enable_system_alarm_service_default"
287-->[androidx.work:work-runtime:2.7.0] AndroidManifest.xml:44:13-72
288            android:exported="false" />
288-->[androidx.work:work-runtime:2.7.0] AndroidManifest.xml:45:13-37
289        <service
289-->[androidx.work:work-runtime:2.7.0] AndroidManifest.xml:47:9-53:35
290            android:name="androidx.work.impl.background.systemjob.SystemJobService"
290-->[androidx.work:work-runtime:2.7.0] AndroidManifest.xml:48:13-84
291            android:directBootAware="false"
291-->[androidx.work:work-runtime:2.7.0] AndroidManifest.xml:49:13-44
292            android:enabled="@bool/enable_system_job_service_default"
292-->[androidx.work:work-runtime:2.7.0] AndroidManifest.xml:50:13-70
293            android:exported="true"
293-->[androidx.work:work-runtime:2.7.0] AndroidManifest.xml:51:13-36
294            android:permission="android.permission.BIND_JOB_SERVICE" />
294-->[androidx.work:work-runtime:2.7.0] AndroidManifest.xml:52:13-69
295        <service
295-->[androidx.work:work-runtime:2.7.0] AndroidManifest.xml:54:9-59:35
296            android:name="androidx.work.impl.foreground.SystemForegroundService"
296-->[androidx.work:work-runtime:2.7.0] AndroidManifest.xml:55:13-81
297            android:directBootAware="false"
297-->[androidx.work:work-runtime:2.7.0] AndroidManifest.xml:56:13-44
298            android:enabled="@bool/enable_system_foreground_service_default"